<?xml version="1.0" encoding="UTF-8"?>
<testsuites name="Create Contact" time="99.106" tests="1" failures="0" errors="0">
   <testsuite name="Create Contact" tests="1" failures="0" errors="0" time="99.106" timestamp="2020-03-11 14:08:57" hostname="rajaa.l - DESKTOP-M52VN0N" id="Test Suites/Create Contact">
      <properties>
         <property name="deviceName" value=""/>
         <property name="devicePlatform" value=""/>
         <property name="logFolder" value="C:\\Users\\rajaa.l\\git\\LARKAT\\LARKAT\\Reports\\20200311_140852\\Create Contact\\20200311_140852"/>
         <property name="logFiles" value="C:\\Users\\rajaa.l\\git\\LARKAT\\LARKAT\\Reports\\20200311_140852\\Create Contact\\20200311_140852\\execution0.log"/>
         <property name="attachments" value=""/>
         <property name="hostName" value="rajaa.l - DESKTOP-M52VN0N"/>
         <property name="os" value="Windows 10 64bit"/>
         <property name="katalonVersion" value="7.2.6.1"/>
         <property name="browser" value="Chrome 80.0.3987.132"/>
         <property name="hostAddress" value="192.168.1.70"/>
         <property name="sessionId" value="2477bff27a2b580cb0abb62608a58d4f"/>
         <property name="seleniumVersion" value="3.141.59"/>
         <property name="proxyInformation" value="ProxyInformation{proxyOption=NO_PROXY, proxyServerType=HTTP, password=, proxyServerAddress=, proxyServerPort=0, executionList=}"/>
         <property name="platform" value="Windows 10"/>
      </properties>
      <testcase name="Test Cases/Create contact" time="98.27" classname="Test Cases/Create contact" status="PASSED">
         <system-out><![CDATA[2020-03-11 14:08:57 - [TEST_CASE][PASSED] - Test Cases/Create contact: Test Cases/Create contact

2020-03-11 14:08:57 - [TEST_STEP][PASSED] - openBrowser(""): Browser is opened with url: ''

2020-03-11 14:08:58 - [MESSAGE][INFO] - Starting 'Chrome' driver

2020-03-11 14:08:58 - [MESSAGE][INFO] - Action delay is set to 0 seconds

2020-03-11 14:09:05 - [MESSAGE][PASSED] - Browser is opened with url: ''

2020-03-11 14:09:05 - [TEST_STEP][PASSED] - navigateToUrl("https://preprod.iadholding.com/"): Navigate to 'https://preprod.iadholding.com/' successfully

2020-03-11 14:09:06 - [MESSAGE][PASSED] - Navigate to 'https://preprod.iadholding.com/' successfully

2020-03-11 14:09:06 - [TEST_STEP][PASSED] - click(findTestObject("Object Repository/Page_Welcome page/button_Accder")): Object: 'Object Repository/Page_Welcome page/button_Accder' is clicked on

2020-03-11 14:09:08 - [MESSAGE][PASSED] - Object: 'Object Repository/Page_Welcome page/button_Accder' is clicked on

2020-03-11 14:09:08 - [TEST_STEP][PASSED] - setText(findTestObject("Object Repository/Page_IAD/input_Identifiant_username"), "2020@iadfrance.fr"): Text '2020@iadfrance.fr' is set on object 'Object Repository/Page_IAD/input_Identifiant_username'

2020-03-11 14:09:09 - [MESSAGE][PASSED] - Text '2020@iadfrance.fr' is set on object 'Object Repository/Page_IAD/input_Identifiant_username'

2020-03-11 14:09:09 - [TEST_STEP][PASSED] - setEncryptedText(findTestObject("Object Repository/Page_IAD/input_Mot de passe_password"), "M1qipU8GjAM="): Text ****** has been set on object 'Object Repository/Page_IAD/input_Mot de passe_password'

2020-03-11 14:09:09 - [MESSAGE][PASSED] - Text ****** has been set on object 'Object Repository/Page_IAD/input_Mot de passe_password'

2020-03-11 14:09:09 - [TEST_STEP][PASSED] - click(findTestObject("Object Repository/Page_IAD/input_Mot de passe_submit")): Object: 'Object Repository/Page_IAD/input_Mot de passe_submit' is clicked on

2020-03-11 14:09:15 - [MESSAGE][PASSED] - Object: 'Object Repository/Page_IAD/input_Mot de passe_submit' is clicked on

2020-03-11 14:09:15 - [TEST_STEP][PASSED] - click(findTestObject("Object Repository/Page_IAD/button_Dmarrer")): Object: 'Object Repository/Page_IAD/button_Dmarrer' is clicked on

2020-03-11 14:09:19 - [MESSAGE][PASSED] - Object: 'Object Repository/Page_IAD/button_Dmarrer' is clicked on

2020-03-11 14:09:19 - [TEST_STEP][PASSED] - click(findTestObject("Object Repository/Page_IAD/div_Quitter")): Object: 'Object Repository/Page_IAD/div_Quitter' is clicked on

2020-03-11 14:09:21 - [MESSAGE][PASSED] - Object: 'Object Repository/Page_IAD/div_Quitter' is clicked on

2020-03-11 14:09:21 - [TEST_STEP][PASSED] - click(findTestObject("Object Repository/Page_IAD/a_Production")): Object: 'Object Repository/Page_IAD/a_Production' is clicked on

2020-03-11 14:09:21 - [MESSAGE][PASSED] - Object: 'Object Repository/Page_IAD/a_Production' is clicked on

2020-03-11 14:09:21 - [TEST_STEP][PASSED] - click(findTestObject("Object Repository/Page_IAD/a_Myiad contacts")): Object: 'Object Repository/Page_IAD/a_Myiad contacts' is clicked on

2020-03-11 14:09:23 - [MESSAGE][PASSED] - Object: 'Object Repository/Page_IAD/a_Myiad contacts' is clicked on

2020-03-11 14:09:23 - [TEST_STEP][PASSED] - click(findTestObject("Object Repository/Page_IAD/span_Crer")): Object: 'Object Repository/Page_IAD/span_Crer' is clicked on

2020-03-11 14:09:34 - [MESSAGE][PASSED] - Object: 'Object Repository/Page_IAD/span_Crer' is clicked on

2020-03-11 14:09:34 - [TEST_STEP][PASSED] - click(findTestObject("Object Repository/Page_IAD/div_Nouveau contact_myiad-avatar")): Object: 'Object Repository/Page_IAD/div_Nouveau contact_myiad-avatar' is clicked on

2020-03-11 14:09:35 - [MESSAGE][PASSED] - Object: 'Object Repository/Page_IAD/div_Nouveau contact_myiad-avatar' is clicked on

2020-03-11 14:09:35 - [TEST_STEP][PASSED] - setText(findTestObject("Object Repository/Page_IAD/input_Prnom_firstName"), "RAJAA"): Text 'RAJAA' is set on object 'Object Repository/Page_IAD/input_Prnom_firstName'

2020-03-11 14:09:36 - [MESSAGE][PASSED] - Text 'RAJAA' is set on object 'Object Repository/Page_IAD/input_Prnom_firstName'

2020-03-11 14:09:36 - [TEST_STEP][PASSED] - setText(findTestObject("Object Repository/Page_IAD/input_Nom_lastName"), "LARKAT"): Text 'LARKAT' is set on object 'Object Repository/Page_IAD/input_Nom_lastName'

2020-03-11 14:09:36 - [MESSAGE][PASSED] - Text 'LARKAT' is set on object 'Object Repository/Page_IAD/input_Nom_lastName'

2020-03-11 14:09:36 - [TEST_STEP][PASSED] - click(findTestObject("Object Repository/Page_IAD/span_Choisir")): Object: 'Object Repository/Page_IAD/span_Choisir' is clicked on

2020-03-11 14:09:38 - [MESSAGE][PASSED] - Object: 'Object Repository/Page_IAD/span_Choisir' is clicked on

2020-03-11 14:09:38 - [TEST_STEP][PASSED] - click(findTestObject("Object Repository/Page_IAD/span_MACAO")): Object: 'Object Repository/Page_IAD/span_MACAO' is clicked on

2020-03-11 14:09:41 - [MESSAGE][PASSED] - Object: 'Object Repository/Page_IAD/span_MACAO' is clicked on

2020-03-11 14:09:41 - [TEST_STEP][PASSED] - click(findTestObject("Object Repository/Page_IAD/div_Contact  Adresse")): Object: 'Object Repository/Page_IAD/div_Contact  Adresse' is clicked on

2020-03-11 14:10:28 - [MESSAGE][INFO] - Unable to find the element located by 'By.xpath: //div[@id='accordiongroup-624-2288-tab']/h4/a/span/div'. Please recheck the objects properties to make sure the desired element is located. 

2020-03-11 14:10:28 - [MESSAGE][INFO] - [SMART_XPATH] Auto-trying out other XPath values in the test object.

2020-03-11 14:10:29 - [MESSAGE][INFO] - [SMART_XPATH] FAILED XPATH: '//div[@id='accordiongroup-624-2288-tab']/h4/a/span/div'.

2020-03-11 14:10:29 - [MESSAGE][INFO] - [SMART_XPATH] WORKING XPATH: '(.//*[normalize-space(text()) and normalize-space(.)='Profession'])[1]/following::div[4]'.

2020-03-11 14:10:30 - [MESSAGE][INFO] - [SMART_XPATH] Screenshot: C:/Users/rajaa.l/git/LARKAT/LARKAT/Reports/smart_xpath/Object Repository/Page_IAD/div_Contact  Adresse_neighbor_0.png

2020-03-11 14:10:30 - [MESSAGE][INFO] - [SMART_XPATH] WORKING XPATH: '(.//*[normalize-space(text()) and normalize-space(.)='MACAO'])[1]/following::div[9]'.

2020-03-11 14:10:30 - [MESSAGE][INFO] - [SMART_XPATH] Screenshot: C:/Users/rajaa.l/git/LARKAT/LARKAT/Reports/smart_xpath/Object Repository/Page_IAD/div_Contact  Adresse_neighbor_1.png

2020-03-11 14:10:31 - [MESSAGE][INFO] - [SMART_XPATH] WORKING XPATH: '(.//*[normalize-space(text()) and normalize-space(.)='Téléphones'])[1]/preceding::div[1]'.

2020-03-11 14:10:31 - [MESSAGE][INFO] - [SMART_XPATH] Screenshot: C:/Users/rajaa.l/git/LARKAT/LARKAT/Reports/smart_xpath/Object Repository/Page_IAD/div_Contact  Adresse_neighbor_2.png

2020-03-11 14:10:31 - [MESSAGE][INFO] - [SMART_XPATH] WORKING XPATH: '//div[2]/div/div/h4/a/span/div'.

2020-03-11 14:10:32 - [MESSAGE][INFO] - [SMART_XPATH] Screenshot: C:/Users/rajaa.l/git/LARKAT/LARKAT/Reports/smart_xpath/Object Repository/Page_IAD/div_Contact  Adresse_position.png

2020-03-11 14:10:32 - [MESSAGE][ERROR] - [SMART_XPATH] C:\Users\rajaa.l\git\LARKAT\LARKAT\Reports\smart_xpath\waiting-for-approval.json (Le fichier spécifié est introuvable)

2020-03-11 14:10:32 - [MESSAGE][ERROR] - [SMART_XPATH] C:/Users/rajaa.l/git/LARKAT/LARKAT/Reports/smart_xpath/waiting-for-approval.json does not exist or is provided by Smart XPath Plugin!

2020-03-11 14:10:32 - [MESSAGE][INFO] - [SMART_XPATH] Selected Smart XPath: '(.//*[normalize-space(text()) and normalize-space(.)='Profession'])[1]/following::div[4]'.

2020-03-11 14:10:32 - [MESSAGE][INFO] - [SMART_XPATH] Continuing executing the test case!

2020-03-11 14:10:32 - [MESSAGE][PASSED] - Object: 'Object Repository/Page_IAD/div_Contact  Adresse' is clicked on

2020-03-11 14:10:32 - [TEST_STEP][PASSED] - setText(findTestObject("Object Repository/Page_IAD/input_Tlphone_phone2"), "06 45 85 45 87"): Text '06 45 85 45 87' is set on object 'Object Repository/Page_IAD/input_Tlphone_phone2'

2020-03-11 14:10:34 - [MESSAGE][PASSED] - Text '06 45 85 45 87' is set on object 'Object Repository/Page_IAD/input_Tlphone_phone2'

2020-03-11 14:10:34 - [TEST_STEP][PASSED] - click(findTestObject("Object Repository/Page_IAD/span_Enregistrer le contact")): Object: 'Object Repository/Page_IAD/span_Enregistrer le contact' is clicked on

2020-03-11 14:10:34 - [MESSAGE][PASSED] - Object: 'Object Repository/Page_IAD/span_Enregistrer le contact' is clicked on

2020-03-11 14:10:34 - [TEST_STEP][PASSED] - closeBrowser(): Browser is closed

2020-03-11 14:10:35 - [MESSAGE][PASSED] - Browser is closed]]></system-out>
         <system-err><![CDATA[]]></system-err>
      </testcase>
      <system-out><![CDATA[2020-03-11 14:08:57 - [TEST_SUITE][PASSED] - Create Contact: Test Cases/Create contact]]></system-out>
      <system-err><![CDATA[]]></system-err>
   </testsuite>
</testsuites>
